<?xml version="1.0" encoding="UTF-8"?>
<!-- Generated by org.testng.reporters.JUnitReportReporter -->
<testsuite hostname="LAPTOP-BHEV3TNG" failures="0" tests="1" name="Maven_basics.Maven_SampleTest" time="0.003" errors="0" timestamp="2025-01-29T13:57:52 IST" skipped="0">
  <testcase classname="Maven_basics.Maven_SampleTest" name="mavendemoTest" time="0.003"/>
  <system-out/>
</testsuite> <!-- Maven_basics.Maven_SampleTest -->
