<?xml version="1.0" encoding="UTF-8"?>
<!-- Generated by org.testng.reporters.JUnitReportReporter -->
<testsuite hostname="LAPTOP-BHEV3TNG" failures="0" tests="1" name="DWS_TestCases.DWS_SearchTest" time="15.005" errors="0" timestamp="2025-01-29T21:28:13 IST" skipped="0">
  <testcase classname="DWS_TestCases.DWS_SearchTest" name="TC1" time="15.005"/>
  <system-out/>
</testsuite> <!-- DWS_TestCases.DWS_SearchTest -->
