<?xml version="1.0" encoding="UTF-8"?>
<!-- Generated by org.testng.reporters.JUnitReportReporter -->
<testsuite hostname="LAPTOP-BHEV3TNG" failures="0" tests="1" name="DWS_TestCases.DWS_RegisterTest" time="9.257" errors="0" timestamp="2025-01-29T21:28:13 IST" skipped="0">
  <testcase classname="DWS_TestCases.DWS_RegisterTest" name="TC2" time="9.257"/>
  <system-out/>
</testsuite> <!-- DWS_TestCases.DWS_RegisterTest -->
