<?xml version="1.0" encoding="UTF-8"?>
<!-- Generated by org.testng.reporters.JUnitReportReporter -->
<testsuite hostname="LAPTOP-BHEV3TNG" failures="0" tests="1" name="Maven_basics.DWS_SearchTest" time="56.576" errors="0" timestamp="2025-01-29T13:57:52 IST" skipped="0">
  <testcase classname="Maven_basics.DWS_SearchTest" name="searchTest" time="56.576"/>
  <system-out>
    <![CDATA[Application Launched successfully ]]>
  </system-out>
</testsuite> <!-- Maven_basics.DWS_SearchTest -->
