<?xml version="1.0" encoding="UTF-8"?>
<!-- Generated by org.testng.reporters.JUnitReportReporter -->
<testsuite hostname="LAPTOP-BHEV3TNG" failures="0" tests="1" name="DWS_SearchTest" time="21.031" errors="0" timestamp="2025-01-29T16:41:36 IST" skipped="0">
  <testcase classname="DWS_SearchTest" name="TC1" time="21.031"/>
  <system-out/>
</testsuite> <!-- DWS_SearchTest -->
